<?xml version="1.0" encoding="UTF-8"?>
<!-- Generated by org.testng.reporters.JUnitReportReporter -->
<testsuite hostname="Chiranjeevis-MacBook-Pro.local" failures="0" tests="2" name="testCases.TC01_AccRegisterTest" time="0.613" errors="0" timestamp="2024-11-24T00:50:23 GMT" skipped="0">
  <testcase classname="testCases.TC01_AccRegisterTest" name="verify_account_registration" time="0.558"/>
  <testcase classname="testCases.TC01_AccRegisterTest" name="verify_account_registration" time="0.055"/>
</testsuite> <!-- testCases.TC01_AccRegisterTest -->
