<?xml version="1.0" encoding="UTF-8"?>
<!-- Generated by org.testng.reporters.JUnitReportReporter -->
<testsuite hostname="Chiranjeevis-MacBook-Pro.local" failures="0" tests="1" name="testCases.TC02_LoginTest" time="0.430" errors="0" timestamp="2024-11-24T01:20:21 GMT" skipped="0">
  <testcase classname="testCases.TC02_LoginTest" name="verify_login" time="0.430"/>
</testsuite> <!-- testCases.TC02_LoginTest -->
